<?xml version="1.0" encoding="UTF-8"?>
<!-- Generated by org.testng.reporters.JUnitXMLReporter -->
<testsuite hostname="Niyati-MacBook-Pro.local" ignored="0" name="Test" tests="20" failures="0" timestamp="13 Nov 2019 09:48:52 GMT" time="70.653" errors="0">
  <testcase name="testRequireLogin" time="1.335" classname="com.qa.logInOutTests.RequireLoginTest"/>
  <testcase name="testWifiStatus" time="1.369" classname="com.qa.logInOutTests.WifiStatusTest"/>
  <testcase name="logInTest" time="12.694" classname="com.qa.logInOutTests.LogInTest"/>
  <testcase name="testProductSelection" time="3.276" classname="com.qa.ScanAndSlideInfo.ProductSelectionTest"/>
  <testcase name="testSlideStatus" time="0.068" classname="com.qa.ScanAndSlideInfo.GetSlideStatusTest"/>
  <testcase name="testCreateSlide" time="0.034" classname="com.qa.ScanAndSlideInfo.CreateSlideTest"/>
  <testcase name="testInsertSlide" time="0.024" classname="com.qa.ScanAndSlideInfo.InsertSlideTest"/>
  <testcase name="testAutoScan" time="0.055" classname="com.qa.ScanAndSlideInfo.AutoScanTest"/>
  <testcase name="testScanInfo" time="0.06" classname="com.qa.ScanAndSlideInfo.GetScanInfoTest"/>
  <testcase name="testScannerState" time="0.022" classname="com.qa.ScanAndSlideInfo.GetScannerStateTest"/>
  <testcase name="testStopScan" time="24.625" classname="com.qa.ScanAndSlideInfo.StopScanTest"/>
  <testcase name="testRunQCPost" time="0.092" classname="com.qa.OQTest.RunOQPostTest"/>
  <testcase name="testRunQC" time="0.023" classname="com.qa.OQTest.RunOQGetTest"/>
  <testcase name="testPQ" time="0.053" classname="com.qa.PQtest.PQTest"/>
  <testcase name="testDailyQC" time="0.027" classname="com.qa.QCTest.DailyQCTest"/>
  <testcase name="testQCList" time="0.041" classname="com.qa.QCTest.GetQCListTest"/>
  <testcase name="testContactUs" time="0.527" classname="com.qa.miscellenious.ContactUsTest"/>
  <testcase name="testAboutUs" time="0.028" classname="com.qa.miscellenious.AboutUsTest"/>
  <testcase name="testHomeAPI" time="26.096" classname="com.qa.miscellenious.HomeAPITest"/>
  <testcase name="testLogout" time="0.13" classname="com.qa.logInOutTests.LogoutTest"/>
</testsuite> <!-- Test -->
